  Game.cpp
  Input.cpp
C:\Users\artal\Documents\GameDev\Projects\Enjmin\Enjin\Angy_Star_Wars\bm\Math.hpp(52,46): warning C4305: 'argument' : troncation de 'double' à 'float'
  (compiler le fichier source '../../bm/Game.cpp')
  
C:\Users\artal\Documents\GameDev\Projects\Enjmin\Enjin\Angy_Star_Wars\bm\Math.hpp(52,35): warning C4305: 'argument' : troncation de 'double' à 'float'
  (compiler le fichier source '../../bm/Game.cpp')
  
C:\Users\artal\Documents\GameDev\Projects\Enjmin\Enjin\Angy_Star_Wars\bm\Math.hpp(52,24): warning C4305: 'argument' : troncation de 'double' à 'float'
  (compiler le fichier source '../../bm/Game.cpp')
  
C:\Users\artal\Documents\GameDev\Projects\Enjmin\Enjin\Angy_Star_Wars\bm\Input.cpp(31,31): warning C4244: 'argument' : conversion de 'double' en 'int', perte possible de données
C:\Users\artal\Documents\GameDev\Projects\Enjmin\Enjin\Angy_Star_Wars\bm\Input.cpp(31,28): warning C4244: 'argument' : conversion de 'double' en 'int', perte possible de données
  Lib.cpp
C:\Users\artal\Documents\GameDev\Projects\Enjmin\Enjin\Angy_Star_Wars\bm\Math.hpp(52,46): warning C4305: 'argument' : troncation de 'double' à 'float'
  (compiler le fichier source '../../bm/Lib.cpp')
  
C:\Users\artal\Documents\GameDev\Projects\Enjmin\Enjin\Angy_Star_Wars\bm\Math.hpp(52,35): warning C4305: 'argument' : troncation de 'double' à 'float'
  (compiler le fichier source '../../bm/Lib.cpp')
  
C:\Users\artal\Documents\GameDev\Projects\Enjmin\Enjin\Angy_Star_Wars\bm\Math.hpp(52,24): warning C4305: 'argument' : troncation de 'double' à 'float'
  (compiler le fichier source '../../bm/Lib.cpp')
  
C:\Users\artal\Documents\GameDev\Projects\Enjmin\Enjin\Angy_Star_Wars\bm\Lib.cpp(44,45): warning C4244: 'argument' : conversion de 'int' en 'float', perte possible de données
C:\Users\artal\Documents\GameDev\Projects\Enjmin\Enjin\Angy_Star_Wars\bm\Lib.cpp(44,43): warning C4244: 'argument' : conversion de 'int' en 'float', perte possible de données
C:\Users\artal\Documents\GameDev\Projects\Enjmin\Enjin\Angy_Star_Wars\bm\Lib.cpp(84,29): warning C4244: 'argument' : conversion de 'int' en 'float', perte possible de données
C:\Users\artal\Documents\GameDev\Projects\Enjmin\Enjin\Angy_Star_Wars\bm\Lib.cpp(84,24): warning C4244: 'argument' : conversion de 'int' en 'float', perte possible de données
C:\Users\artal\Documents\GameDev\Projects\Enjmin\Enjin\Angy_Star_Wars\bm\Lib.cpp(89,12): warning C4305: 'initialisation' : troncation de 'unsigned __int64' à 'int'
C:\Users\artal\Documents\GameDev\Projects\Enjmin\Enjin\Angy_Star_Wars\bm\Lib.cpp(89,56): warning C4309: 'initialisation' : troncation de valeur de constante
C:\Users\artal\Documents\GameDev\Projects\Enjmin\Enjin\Angy_Star_Wars\bm\Lib.cpp(139,11): warning C4305: 'initialisation' : troncation de 'double' à 'float'
C:\Users\artal\Documents\GameDev\Projects\Enjmin\Enjin\Angy_Star_Wars\bm\Lib.cpp(140,45): warning C4244: '=' : conversion de 'float' en 'int', perte possible de données
C:\Users\artal\Documents\GameDev\Projects\Enjmin\Enjin\Angy_Star_Wars\bm\Lib.cpp(179,11): warning C4305: 'initialisation' : troncation de 'double' à 'float'
  Sprite.cpp
C:\Users\artal\Documents\GameDev\Projects\Enjmin\Enjin\Angy_Star_Wars\bm\Math.hpp(52,46): warning C4305: 'argument' : troncation de 'double' à 'float'
  (compiler le fichier source '../../bm/Sprite.cpp')
  
C:\Users\artal\Documents\GameDev\Projects\Enjmin\Enjin\Angy_Star_Wars\bm\Math.hpp(52,35): warning C4305: 'argument' : troncation de 'double' à 'float'
  (compiler le fichier source '../../bm/Sprite.cpp')
  
C:\Users\artal\Documents\GameDev\Projects\Enjmin\Enjin\Angy_Star_Wars\bm\Math.hpp(52,24): warning C4305: 'argument' : troncation de 'double' à 'float'
  (compiler le fichier source '../../bm/Sprite.cpp')
  
C:\Users\artal\Documents\GameDev\Projects\Enjmin\Enjin\Angy_Star_Wars\bm\Sprite.cpp(24,9): warning C4267: 'initialisation' : conversion de 'size_t' en 'int', perte possible de données
  helloworld-game.cpp
C:\Users\artal\Documents\GameDev\Projects\Enjmin\Enjin\Angy_Star_Wars\bm\Math.hpp(52,46): warning C4305: 'argument' : troncation de 'double' à 'float'
  (compiler le fichier source '../../helloworld-game.cpp')
  
C:\Users\artal\Documents\GameDev\Projects\Enjmin\Enjin\Angy_Star_Wars\bm\Math.hpp(52,35): warning C4305: 'argument' : troncation de 'double' à 'float'
  (compiler le fichier source '../../helloworld-game.cpp')
  
C:\Users\artal\Documents\GameDev\Projects\Enjmin\Enjin\Angy_Star_Wars\bm\Math.hpp(52,24): warning C4305: 'argument' : troncation de 'double' à 'float'
  (compiler le fichier source '../../helloworld-game.cpp')
  
C:\Users\artal\Documents\GameDev\Projects\Enjmin\Enjin\Angy_Star_Wars\helloworld-game.cpp(95,20): warning C4244: '=' : conversion de 'double' en 'float', perte possible de données
  Génération de code en cours...
C:\Users\artal\Documents\GameDev\Projects\Enjmin\Enjin\Angy_Star_Wars\bm\Input.cpp(31,1): warning C4700: variable locale 'my' non initialisée utilisée
C:\Users\artal\Documents\GameDev\Projects\Enjmin\Enjin\Angy_Star_Wars\bm\Input.cpp(31,1): warning C4700: variable locale 'mx' non initialisée utilisée
  Game.cpp
C:\Users\artal\Documents\GameDev\Projects\Enjmin\Enjin\Angy_Star_Wars\bm\Math.hpp(52,46): warning C4305: 'argument' : troncation de 'double' à 'float'
  (compiler le fichier source '../../bmg/Game.cpp')
  
C:\Users\artal\Documents\GameDev\Projects\Enjmin\Enjin\Angy_Star_Wars\bm\Math.hpp(52,35): warning C4305: 'argument' : troncation de 'double' à 'float'
  (compiler le fichier source '../../bmg/Game.cpp')
  
C:\Users\artal\Documents\GameDev\Projects\Enjmin\Enjin\Angy_Star_Wars\bm\Math.hpp(52,24): warning C4305: 'argument' : troncation de 'double' à 'float'
  (compiler le fichier source '../../bmg/Game.cpp')
  
C:\Users\artal\Documents\GameDev\Projects\Enjmin\Enjin\Angy_Star_Wars\bmg\Game.cpp(76,23): warning C4244: '-=' : conversion de 'double' en 'float', perte possible de données
C:\Users\artal\Documents\GameDev\Projects\Enjmin\Enjin\Angy_Star_Wars\bmg\Game.cpp(78,23): warning C4244: '+=' : conversion de 'double' en 'float', perte possible de données
C:\Users\artal\Documents\GameDev\Projects\Enjmin\Enjin\Angy_Star_Wars\bmg\Game.cpp(80,23): warning C4244: '-=' : conversion de 'double' en 'float', perte possible de données
C:\Users\artal\Documents\GameDev\Projects\Enjmin\Enjin\Angy_Star_Wars\bmg\Game.cpp(82,23): warning C4244: '+=' : conversion de 'double' en 'float', perte possible de données
     Création de la bibliothèque bin\x86_64\Debug\helloworld-game.lib et de l'objet bin\x86_64\Debug\helloworld-game.exp
  helloworld-game.vcxproj -> C:\Users\artal\Documents\GameDev\Projects\Enjmin\Enjin\Angy_Star_Wars\build\vs2022\bin\x86_64\Debug\helloworld-game.exe
