  context.c
  egl_context.c
  init.c
  input.c
  monitor.c
  null_init.c
  null_joystick.c
  null_monitor.c
  null_window.c
  osmesa_context.c
  platform.c
  vulkan.c
  wgl_context.c
  win32_init.c
  win32_joystick.c
  win32_module.c
  win32_monitor.c
  win32_thread.c
  win32_time.c
  win32_window.c
  Génération de code en cours...
  Compilation en cours...
  window.c
  Génération de code en cours...
  glfw.vcxproj -> C:\Users\artal\Documents\GameDev\Projects\Enjmin\Enjin\Angy_Star_Wars\build\vs2022\bin\x86_64\Debug\glfw.lib
